Determining if the pthread_create exist failed with the following output:
Change Dir: /home/adithya/Ros_practice/DiffDriveRobot/FromScarRobot/mybot_ws/build_isolated/SetPoseforObjects/CMakeFiles/CMakeTmp

Run Build Command:"/usr/bin/make" "cmTC_48533/fast"
/usr/bin/make -f CMakeFiles/cmTC_48533.dir/build.make CMakeFiles/cmTC_48533.dir/build
make[1]: Entering directory '/home/adithya/Ros_practice/DiffDriveRobot/FromScarRobot/mybot_ws/build_isolated/SetPoseforObjects/CMakeFiles/CMakeTmp'
Building C object CMakeFiles/cmTC_48533.dir/CheckSymbolExists.c.o
/usr/bin/cc    -o CMakeFiles/cmTC_48533.dir/CheckSymbolExists.c.o   -c /home/adithya/Ros_practice/DiffDriveRobot/FromScarRobot/mybot_ws/build_isolated/SetPoseforObjects/CMakeFiles/CMakeTmp/CheckSymbolExists.c
Linking C executable cmTC_48533
/usr/local/bin/cmake -E cmake_link_script CMakeFiles/cmTC_48533.dir/link.txt --verbose=1
/usr/bin/cc      -rdynamic CMakeFiles/cmTC_48533.dir/CheckSymbolExists.c.o  -o cmTC_48533 
CMakeFiles/cmTC_48533.dir/CheckSymbolExists.c.o: In function `main':
CheckSymbolExists.c:(.text+0x16): undefined reference to `pthread_create'
collect2: error: ld returned 1 exit status
CMakeFiles/cmTC_48533.dir/build.make:86: recipe for target 'cmTC_48533' failed
make[1]: *** [cmTC_48533] Error 1
make[1]: Leaving directory '/home/adithya/Ros_practice/DiffDriveRobot/FromScarRobot/mybot_ws/build_isolated/SetPoseforObjects/CMakeFiles/CMakeTmp'
Makefile:121: recipe for target 'cmTC_48533/fast' failed
make: *** [cmTC_48533/fast] Error 2

File /home/adithya/Ros_practice/DiffDriveRobot/FromScarRobot/mybot_ws/build_isolated/SetPoseforObjects/CMakeFiles/CMakeTmp/CheckSymbolExists.c:
/* */
#include <pthread.h>

int main(int argc, char** argv)
{
  (void)argv;
#ifndef pthread_create
  return ((int*)(&pthread_create))[argc];
#else
  (void)argc;
  return 0;
#endif
}

Determining if the function pthread_create exists in the pthreads failed with the following output:
Change Dir: /home/adithya/Ros_practice/DiffDriveRobot/FromScarRobot/mybot_ws/build_isolated/SetPoseforObjects/CMakeFiles/CMakeTmp

Run Build Command:"/usr/bin/make" "cmTC_40939/fast"
/usr/bin/make -f CMakeFiles/cmTC_40939.dir/build.make CMakeFiles/cmTC_40939.dir/build
make[1]: Entering directory '/home/adithya/Ros_practice/DiffDriveRobot/FromScarRobot/mybot_ws/build_isolated/SetPoseforObjects/CMakeFiles/CMakeTmp'
Building C object CMakeFiles/cmTC_40939.dir/CheckFunctionExists.c.o
/usr/bin/cc   -DCHECK_FUNCTION_EXISTS=pthread_create   -o CMakeFiles/cmTC_40939.dir/CheckFunctionExists.c.o   -c /usr/local/share/cmake-3.12/Modules/CheckFunctionExists.c
Linking C executable cmTC_40939
/usr/local/bin/cmake -E cmake_link_script CMakeFiles/cmTC_40939.dir/link.txt --verbose=1
/usr/bin/cc  -DCHECK_FUNCTION_EXISTS=pthread_create    -rdynamic CMakeFiles/cmTC_40939.dir/CheckFunctionExists.c.o  -o cmTC_40939 -lpthreads 
/usr/bin/ld: cannot find -lpthreads
collect2: error: ld returned 1 exit status
CMakeFiles/cmTC_40939.dir/build.make:86: recipe for target 'cmTC_40939' failed
make[1]: *** [cmTC_40939] Error 1
make[1]: Leaving directory '/home/adithya/Ros_practice/DiffDriveRobot/FromScarRobot/mybot_ws/build_isolated/SetPoseforObjects/CMakeFiles/CMakeTmp'
Makefile:121: recipe for target 'cmTC_40939/fast' failed
make: *** [cmTC_40939/fast] Error 2


